<?xml version="1.0" encoding="utf-8"?><testsuites name="pytest tests"><testsuite name="pytest" errors="0" failures="0" skipped="0" tests="10" time="5.747" timestamp="2026-07-14T09:47:10.602601+00:00" hostname="agent-env-0bf01602-9e0d-4c1a-b12b-a522075378ba"><testcase classname="tests.test_donations" name="test_packages" time="0.383" /><testcase classname="tests.test_donations" name="test_checkout_package_candle" time="1.429" /><testcase classname="tests.test_donations" name="test_checkout_custom_valid" time="0.511" /><testcase classname="tests.test_donations" name="test_checkout_custom_below_min" time="0.159" /><testcase classname="tests.test_donations" name="test_checkout_custom_above_max" time="0.146" /><testcase classname="tests.test_donations" name="test_checkout_invalid_package" time="0.181" /><testcase classname="tests.test_donations" name="test_checkout_no_selection" time="0.239" /><testcase classname="tests.test_donations" name="test_amount_field_ignored_from_client" time="0.894" /><testcase classname="tests.test_donations" name="test_status_unknown_session" time="0.155" /><testcase classname="tests.test_donations" name="test_webhook_endpoint_exists" time="0.276" /></testsuite></testsuites>