<?xml version="1.0" encoding="utf-8"?><testsuites name="pytest tests"><testsuite name="pytest" errors="0" failures="0" skipped="0" tests="18" time="9.410" timestamp="2026-07-14T13:08:53.198436+00:00" hostname="agent-env-0bf01602-9e0d-4c1a-b12b-a522075378ba"><testcase classname="tests.test_iteration4" name="test_settings_has_renov_fields" time="0.505" /><testcase classname="tests.test_iteration4" name="test_settings_put_renov_persists" time="1.082" /><testcase classname="tests.test_iteration4" name="test_pages_arbitrary_key_put_get[about]" time="0.316" /><testcase classname="tests.test_iteration4" name="test_pages_arbitrary_key_put_get[community]" time="0.331" /><testcase classname="tests.test_iteration4" name="test_pages_arbitrary_key_put_get[renovation]" time="0.325" /><testcase classname="tests.test_iteration4" name="test_pages_arbitrary_key_put_get[contact]" time="0.311" /><testcase classname="tests.test_iteration4" name="test_pages_arbitrary_key_put_get[donate]" time="0.551" /><testcase classname="tests.test_iteration4" name="test_pages_arbitrary_key_put_get[newsletter]" time="0.345" /><testcase classname="tests.test_iteration4" name="test_pages_arbitrary_key_put_get[calendar]" time="0.287" /><testcase classname="tests.test_iteration4" name="test_pages_arbitrary_key_put_get[patron]" time="0.395" /><testcase classname="tests.test_iteration4" name="test_pages_arbitrary_key_put_get[priest]" time="0.504" /><testcase classname="tests.test_iteration4" name="test_pages_arbitrary_key_put_get[catechesis]" time="0.503" /><testcase classname="tests.test_iteration4" name="test_pages_arbitrary_key_put_get[prayers]" time="0.302" /><testcase classname="tests.test_iteration4" name="test_pages_arbitrary_key_put_get[resources]" time="0.291" /><testcase classname="tests.test_iteration4" name="test_pages_arbitrary_key_put_get[announcements]" time="0.354" /><testcase classname="tests.test_iteration4" name="test_pages_arbitrary_key_put_get[magazine]" time="0.336" /><testcase classname="tests.test_iteration4" name="test_pages_put_requires_auth_iter4" time="0.233" /><testcase classname="tests.test_iteration4" name="test_donations_packages_no_regression" time="0.199" /></testsuite></testsuites>