<?xml version="1.0" encoding="utf-8"?><testsuites name="pytest tests"><testsuite name="pytest" errors="0" failures="0" skipped="0" tests="8" time="8.877" timestamp="2026-07-14T12:45:01.306576+00:00" hostname="agent-env-0bf01602-9e0d-4c1a-b12b-a522075378ba"><testcase classname="tests.test_new_features" name="test_newsletter_subscribe_and_dedupe" time="1.548" /><testcase classname="tests.test_new_features" name="test_newsletter_list_requires_auth" time="0.180" /><testcase classname="tests.test_new_features" name="test_newsletter_broadcast_requires_auth" time="0.149" /><testcase classname="tests.test_new_features" name="test_newsletter_broadcast" time="1.012" /><testcase classname="tests.test_new_features" name="test_pages_get_all" time="0.197" /><testcase classname="tests.test_new_features" name="test_pages_put_requires_auth" time="0.128" /><testcase classname="tests.test_new_features" name="test_pages_put_and_get" time="0.462" /><testcase classname="tests.test_new_features" name="test_donation_packages_dynamic_from_settings" time="1.796" /></testsuite></testsuites>