<?xml version="1.0" encoding="utf-8"?><testsuites name="pytest tests"><testsuite name="pytest" errors="0" failures="0" skipped="0" tests="15" time="4.495" timestamp="2026-07-14T09:35:44.697668+00:00" hostname="agent-env-0bf01602-9e0d-4c1a-b12b-a522075378ba"><testcase classname="tests.backend_test" name="test_root" time="0.355" /><testcase classname="tests.backend_test" name="test_get_settings" time="0.068" /><testcase classname="tests.backend_test" name="test_login_success_and_me" time="0.511" /><testcase classname="tests.backend_test" name="test_login_bad_password" time="0.334" /><testcase classname="tests.backend_test" name="test_me_unauthenticated" time="0.180" /><testcase classname="tests.backend_test" name="test_content_post_unauth_returns_401" time="0.253" /><testcase classname="tests.backend_test" name="test_list_announcements" time="0.066" /><testcase classname="tests.backend_test" name="test_list_resources_by_category" time="0.068" /><testcase classname="tests.backend_test" name="test_get_content_by_id" time="0.120" /><testcase classname="tests.backend_test" name="test_content_crud" time="0.344" /><testcase classname="tests.backend_test" name="test_renovation_list" time="0.059" /><testcase classname="tests.backend_test" name="test_renovation_crud" time="0.117" /><testcase classname="tests.backend_test" name="test_contact_submit_and_list" time="0.141" /><testcase classname="tests.backend_test" name="test_settings_update" time="0.169" /><testcase classname="tests.backend_test" name="test_calendar_st_nicholas" time="0.373" /></testsuite></testsuites>